<?xml version="1.0" encoding="UTF-8" standalone="yes"?>
<testsuites name="API Test" time="8" tests="2" failures="0" errors="0">
    <testsuite name="API Test" tests="2" failures="0" errors="0" time="8" timestamp="2020-10-27 17:00:39" hostname="Mika Silaen - PRIMA" id="Test Suites/API Test">
        <properties>
            <property name="deviceName" value=""/>
            <property name="devicePlatform" value=""/>
            <property name="logFolder" value="C:\\Users\\Mika Silaen\\Katalon Studio\\API\\Reports\\API Test\\20201027_170027"/>
            <property name="logFiles" value="C:\\Users\\Mika Silaen\\Katalon Studio\\API\\Reports\\API Test\\20201027_170027\\execution0.log"/>
            <property name="attachments" value=""/>
            <property name="hostName" value="Mika Silaen - PRIMA"/>
            <property name="hostAddress" value="192.168.237.1"/>
            <property name="os" value="Windows 10 64bit"/>
            <property name="katalonVersion" value="6.2.0.1"/>
        </properties>
        <testcase name="Test Cases/UserDataCountry/UserCountryDetails" classname="Test Cases/UserDataCountry/UserCountryDetails" status="PASSED">
            <system-out>2020-10-27 17:00:39 - [TEST_CASE][PASSED] - Test Cases/UserDataCountry/UserCountryDetails: Test Cases/UserDataCountry/UserCountryDetails&#xD;
&#xD;
2020-10-27 17:00:40 - [TEST_STEP][PASSED] - response = sendRequest(findTestObject("DataUser/GetUserDetails")): Send request successfully&#xD;
&#xD;
2020-10-27 17:00:43 - [MESSAGE][INFO] - HAR: C:\Users\Mika Silaen\Katalon Studio\API\Reports\API Test\20201027_170027\requests\main\0.har&#xD;
&#xD;
2020-10-27 17:00:43 - [MESSAGE][PASSED] - Send request successfully&#xD;
&#xD;
2020-10-27 17:00:43 - [TEST_STEP][PASSED] - verifyResponseStatusCode(response, 200): Verify response status code successfully&#xD;
&#xD;
2020-10-27 17:00:43 - [MESSAGE][PASSED] - Verify response status code successfully&#xD;
&#xD;
2020-10-27 17:00:43 - [TEST_STEP][PASSED] - verifyElementPropertyValue(response, "data.last_name", "Weaver"): Verify element property value successfully&#xD;
&#xD;
2020-10-27 17:00:44 - [MESSAGE][PASSED] - Verify element property value successfully&#xD;
&#xD;
2020-10-27 17:00:44 - [TEST_STEP][PASSED] - verifyElementPropertyValue(response, "data.id", "2"): Verify element property value successfully&#xD;
&#xD;
2020-10-27 17:00:44 - [MESSAGE][PASSED] - Verify element property value successfully</system-out>
            <system-err></system-err>
        </testcase>
        <testcase name="Test Cases/UserDataCountry/detailsUser" classname="Test Cases/UserDataCountry/detailsUser" status="PASSED">
            <system-out>2020-10-27 17:00:44 - [TEST_CASE][PASSED] - Test Cases/UserDataCountry/detailsUser: Test Cases/UserDataCountry/detailsUser&#xD;
&#xD;
2020-10-27 17:00:44 - [TEST_STEP][PASSED] - response = sendRequest(findTestObject("DataUser/GetUserDetails2")): Send request successfully&#xD;
&#xD;
2020-10-27 17:00:46 - [MESSAGE][INFO] - HAR: C:\Users\Mika Silaen\Katalon Studio\API\Reports\API Test\20201027_170027\requests\main\1.har&#xD;
&#xD;
2020-10-27 17:00:46 - [MESSAGE][PASSED] - Send request successfully&#xD;
&#xD;
2020-10-27 17:00:46 - [TEST_STEP][PASSED] - response = sendRequestAndVerify(findTestObject("DataUser/GetUserDetails2")): Send request and verify the response successfully&#xD;
&#xD;
2020-10-27 17:00:46 - [TEST_CASE][PASSED] - Start Test Case : Verification: Verification accomplished successfully&#xD;
&#xD;
2020-10-27 17:00:47 - [TEST_STEP][PASSED] - request = getInstance().getCurrentRequest(): null&#xD;
&#xD;
2020-10-27 17:00:47 - [TEST_STEP][PASSED] - response = getInstance().getCurrentResponse(): null&#xD;
&#xD;
2020-10-27 17:00:47 - [MESSAGE][PASSED] - Verify response successfully&#xD;
&#xD;
2020-10-27 17:00:47 - [MESSAGE][PASSED] - Send request and verify the response successfully&#xD;
&#xD;
2020-10-27 17:00:47 - [TEST_STEP][PASSED] - verifyResponseStatusCode(response, 200): Verify response status code successfully&#xD;
&#xD;
2020-10-27 17:00:47 - [MESSAGE][PASSED] - Verify response status code successfully&#xD;
&#xD;
2020-10-27 17:00:47 - [TEST_STEP][PASSED] - verifyElementPropertyValue(response, "data[0].email", "michael.lawson@reqres.in"): Verify element property value successfully&#xD;
&#xD;
2020-10-27 17:00:47 - [MESSAGE][PASSED] - Verify element property value successfully&#xD;
&#xD;
2020-10-27 17:00:47 - [TEST_STEP][PASSED] - verifyElementPropertyValue(response, "data[1].first_name", "Lindsay"): Verify element property value successfully&#xD;
&#xD;
2020-10-27 17:00:47 - [MESSAGE][PASSED] - Verify element property value successfully&#xD;
&#xD;
2020-10-27 17:00:47 - [TEST_STEP][PASSED] - verifyElementsCount(response, "data", 6): Verify element count successfully&#xD;
&#xD;
2020-10-27 17:00:47 - [MESSAGE][PASSED] - Verify element count successfully&#xD;
&#xD;
2020-10-27 17:00:47 - [TEST_STEP][PASSED] - verifyResponseStatusCodeInRange(response, 200, 500): Verify response status code successfully&#xD;
&#xD;
2020-10-27 17:00:47 - [MESSAGE][PASSED] - Verify response status code successfully</system-out>
            <system-err></system-err>
        </testcase>
        <system-out>2020-10-27 17:00:39 - [TEST_SUITE][INCOMPLETE] - API Test: null</system-out>
        <system-err>2020-10-27 17:00:39 - [TEST_SUITE][INCOMPLETE] - API Test: null</system-err>
    </testsuite>
</testsuites>
