<?xml version="1.0" encoding="UTF-8" standalone="yes"?>
<testsuites name="API Test" time="4" tests="1" failures="0" errors="0">
    <testsuite name="API Test" tests="1" failures="0" errors="0" time="4" timestamp="2020-07-15 19:55:20" hostname="Mika Silaen - PRIMA" id="Test Suites/API Test">
        <properties>
            <property name="deviceName" value=""/>
            <property name="devicePlatform" value=""/>
            <property name="logFolder" value="C:\\Users\\Mika Silaen\\Katalon Studio\\API\\Reports\\API Test\\20200715_195501"/>
            <property name="logFiles" value="C:\\Users\\Mika Silaen\\Katalon Studio\\API\\Reports\\API Test\\20200715_195501\\execution0.log"/>
            <property name="attachments" value=""/>
            <property name="hostName" value="Mika Silaen - PRIMA"/>
            <property name="hostAddress" value="192.168.237.1"/>
            <property name="os" value="Windows 10 64bit"/>
            <property name="katalonVersion" value="6.2.0.1"/>
        </properties>
        <testcase name="Test Cases/UserDataCountry/UserCountryDetails" classname="Test Cases/UserDataCountry/UserCountryDetails" status="PASSED">
            <system-out>2020-07-15 19:55:21 - [TEST_CASE][PASSED] - Test Cases/UserDataCountry/UserCountryDetails: Test Cases/UserDataCountry/UserCountryDetails&#xD;
&#xD;
2020-07-15 19:55:21 - [TEST_STEP][PASSED] - response = sendRequest(findTestObject("DataUser/GetUserDetails")): Send request successfully&#xD;
&#xD;
2020-07-15 19:55:24 - [MESSAGE][INFO] - HAR: C:\Users\Mika Silaen\Katalon Studio\API\Reports\API Test\20200715_195501\requests\main\0.har&#xD;
&#xD;
2020-07-15 19:55:24 - [MESSAGE][PASSED] - Send request successfully&#xD;
&#xD;
2020-07-15 19:55:24 - [TEST_STEP][PASSED] - verifyResponseStatusCode(response, 200): Verify response status code successfully&#xD;
&#xD;
2020-07-15 19:55:24 - [MESSAGE][PASSED] - Verify response status code successfully&#xD;
&#xD;
2020-07-15 19:55:24 - [TEST_STEP][PASSED] - verifyElementPropertyValue(response, "data.last_name", "Weaver"): Verify element property value successfully&#xD;
&#xD;
2020-07-15 19:55:24 - [MESSAGE][PASSED] - Verify element property value successfully</system-out>
            <system-err></system-err>
        </testcase>
        <system-out>2020-07-15 19:55:20 - [TEST_SUITE][INCOMPLETE] - API Test: null</system-out>
        <system-err>2020-07-15 19:55:20 - [TEST_SUITE][INCOMPLETE] - API Test: null</system-err>
    </testsuite>
</testsuites>
